<?xml version="1.0" encoding="UTF-8"?>
<testng-results skipped="0" failed="0" ignored="0" total="1" passed="1">
  <reporter-output>
  </reporter-output>
  <suite name="Default suite" duration-ms="43" started-at="2019-05-30T22:08:54Z" finished-at="2019-05-30T22:08:54Z">
    <groups>
    </groups>
    <test name="Default test" duration-ms="43" started-at="2019-05-30T22:08:54Z" finished-at="2019-05-30T22:08:54Z">
      <class name="com.class01.Task3">
        <test-method status="PASS" signature="beforeSuite()[pri:0, instance:com.class01.Task3@7c16905e]" name="beforeSuite" is-config="true" duration-ms="12" started-at="2019-05-30T22:08:54Z" finished-at="2019-05-30T22:08:54Z">
          <reporter-output>
          </reporter-output>
        </test-method> <!-- beforeSuite -->
        <test-method status="PASS" signature="beforeTest()[pri:0, instance:com.class01.Task3@7c16905e]" name="beforeTest" is-config="true" duration-ms="0" started-at="2019-05-30T22:08:54Z" finished-at="2019-05-30T22:08:54Z">
          <reporter-output>
          </reporter-output>
        </test-method> <!-- beforeTest -->
        <test-method status="PASS" signature="beforeClass()[pri:0, instance:com.class01.Task3@7c16905e]" name="beforeClass" is-config="true" duration-ms="0" started-at="2019-05-30T22:08:54Z" finished-at="2019-05-30T22:08:54Z">
          <reporter-output>
          </reporter-output>
        </test-method> <!-- beforeClass -->
        <test-method status="PASS" signature="test()[pri:0, instance:com.class01.Task3@7c16905e]" name="test" duration-ms="14" started-at="2019-05-30T22:08:54Z" finished-at="2019-05-30T22:08:54Z">
          <reporter-output>
          </reporter-output>
        </test-method> <!-- test -->
        <test-method status="PASS" signature="beforeMethod()[pri:0, instance:com.class01.Task3@7c16905e]" name="beforeMethod" is-config="true" duration-ms="0" started-at="2019-05-30T22:08:54Z" finished-at="2019-05-30T22:08:54Z">
          <reporter-output>
          </reporter-output>
        </test-method> <!-- beforeMethod -->
        <test-method status="PASS" signature="afterMethod()[pri:0, instance:com.class01.Task3@7c16905e]" name="afterMethod" is-config="true" duration-ms="0" started-at="2019-05-30T22:08:54Z" finished-at="2019-05-30T22:08:54Z">
          <reporter-output>
          </reporter-output>
        </test-method> <!-- afterMethod -->
        <test-method status="PASS" signature="afterClass()[pri:0, instance:com.class01.Task3@7c16905e]" name="afterClass" is-config="true" duration-ms="0" started-at="2019-05-30T22:08:54Z" finished-at="2019-05-30T22:08:54Z">
          <reporter-output>
          </reporter-output>
        </test-method> <!-- afterClass -->
        <test-method status="PASS" signature="afterTest()[pri:0, instance:com.class01.Task3@7c16905e]" name="afterTest" is-config="true" duration-ms="1" started-at="2019-05-30T22:08:54Z" finished-at="2019-05-30T22:08:54Z">
          <reporter-output>
          </reporter-output>
        </test-method> <!-- afterTest -->
        <test-method status="PASS" signature="afterSuite()[pri:0, instance:com.class01.Task3@7c16905e]" name="afterSuite" is-config="true" duration-ms="1" started-at="2019-05-30T22:08:54Z" finished-at="2019-05-30T22:08:54Z">
          <reporter-output>
          </reporter-output>
        </test-method> <!-- afterSuite -->
      </class> <!-- com.class01.Task3 -->
    </test> <!-- Default test -->
  </suite> <!-- Default suite -->
</testng-results>
